{"numFailedTestSuites":0,"numFailedTests":0,"numPassedTestSuites":1,"numPassedTests":2,"numPendingTestSuites":0,"numPendingTests":0,"numRuntimeErrorTestSuites":0,"numTodoTests":0,"numTotalTestSuites":1,"numTotalTests":2,"openHandles":[],"snapshot":{"added":0,"didUpdate":false,"failure":false,"filesAdded":0,"filesRemoved":0,"filesRemovedList":[],"filesUnmatched":0,"filesUpdated":0,"matched":0,"total":0,"unchecked":0,"uncheckedKeysByFile":[],"unmatched":0,"updated":0},"startTime":1756235732058,"success":true,"testResults":[{"assertionResults":[{"ancestorTitles":[],"duration":135,"failureDetails":[],"failureMessages":[],"fullName":"hideEl hides by element or id","invocations":1,"location":null,"numPassingAsserts":3,"retryReasons":[],"status":"passed","title":"hideEl hides by element or id"},{"ancestorTitles":[],"duration":27,"failureDetails":[],"failureMessages":[],"fullName":"showEl reveals element by removing hidden attribute","invocations":1,"location":null,"numPassingAsserts":2,"retryReasons":[],"status":"passed","title":"showEl reveals element by removing hidden attribute"}],"endTime":1756235735424,"message":"","name":"C:\\Users\\johng\\Documents\\GitHub\\default\\tests\\utils.test.js","startTime":1756235733326,"status":"passed","summary":""}],"wasInterrupted":false}
